<?xml version="1.0" encoding="UTF-8"?>
<testng-results skipped="0" failed="0" total="1" passed="1">
  <reporter-output>
  </reporter-output>
  <suite name="com.org.mavenautomation.SecondMavenProject.GoogleTest" duration-ms="12446" started-at="2016-06-28T14:21:50Z" finished-at="2016-06-28T14:22:03Z">
    <groups>
    </groups>
    <test name="Command line test" duration-ms="12446" started-at="2016-06-28T14:21:50Z" finished-at="2016-06-28T14:22:03Z">
      <class name="com.org.mavenautomation.SecondMavenProject.GoogleTest">
        <test-method status="PASS" signature="googlelaunch()[pri:0, instance:com.org.mavenautomation.SecondMavenProject.GoogleTest@7a3e72]" name="googlelaunch" duration-ms="12412" started-at="2016-06-28T19:51:50Z" finished-at="2016-06-28T19:52:03Z">
          <reporter-output>
          </reporter-output>
        </test-method> <!-- googlelaunch -->
      </class> <!-- com.org.mavenautomation.SecondMavenProject.GoogleTest -->
    </test> <!-- Command line test -->
  </suite> <!-- com.org.mavenautomation.SecondMavenProject.GoogleTest -->
</testng-results>
